[0.008s] Invoking command in '/home/aleksantari/ros2_robosub/build/my_package': CMAKE_PREFIX_PATH=/home/aleksantari/ros2_ws/install/my_robot_controller:/opt/ros/humble /usr/bin/cmake /home/aleksantari/ros2_robosub/src/my_package -DAMENT_CMAKE_SYMLINK_INSTALL=1 -DCMAKE_INSTALL_PREFIX=/home/aleksantari/ros2_robosub/install/my_package
[0.180s] -- The C compiler identification is GNU 11.4.0
[0.301s] -- The CXX compiler identification is GNU 11.4.0
[0.309s] -- Detecting C compiler ABI info
[0.365s] -- Detecting C compiler ABI info - done
[0.370s] -- Check for working C compiler: /usr/bin/cc - skipped
[0.370s] -- Detecting C compile features
[0.371s] -- Detecting C compile features - done
[0.373s] -- Detecting CXX compiler ABI info
[0.418s] -- Detecting CXX compiler ABI info - done
[0.423s] -- Check for working CXX compiler: /usr/bin/c++ - skipped
[0.423s] -- Detecting CXX compile features
[0.423s] -- Detecting CXX compile features - done
[0.435s] -- Found ament_cmake: 1.3.11 (/opt/ros/humble/share/ament_cmake/cmake)
[0.523s] -- Found Python3: /usr/bin/python3 (found version "3.10.12") found components: Interpreter 
[0.565s] -- Override CMake install command with custom implementation using symlinks instead of copying resources
[0.586s] -- Found ament_lint_auto: 0.12.11 (/opt/ros/humble/share/ament_lint_auto/cmake)
[0.641s] [31mCMake Error at /opt/ros/humble/share/ament_cmake_core/cmake/symlink_install/install.cmake:43 (_install):
[0.641s]   _install does not recognize sub-command DIREECTORY
[0.641s] Call Stack (most recent call first):
[0.641s]   CMakeLists.txt:26 (install)
[0.641s] 
[0.641s] [0m
[0.645s] -- Added test 'flake8' to check Python code syntax and style conventions
[0.646s] -- Added test 'lint_cmake' to check CMake code style
[0.646s] -- Added test 'pep257' to check Python code against some of the docstring style conventions in PEP 257
[0.647s] -- Added test 'xmllint' to check XML markup files
[0.655s] -- Configuring incomplete, errors occurred!
[0.655s] See also "/home/aleksantari/ros2_robosub/build/my_package/CMakeFiles/CMakeOutput.log".
[0.661s] Invoked command in '/home/aleksantari/ros2_robosub/build/my_package' returned '1': CMAKE_PREFIX_PATH=/home/aleksantari/ros2_ws/install/my_robot_controller:/opt/ros/humble /usr/bin/cmake /home/aleksantari/ros2_robosub/src/my_package -DAMENT_CMAKE_SYMLINK_INSTALL=1 -DCMAKE_INSTALL_PREFIX=/home/aleksantari/ros2_robosub/install/my_package
