[0.005s] Invoking command in '/home/aleksantari/ros2_robosub/build/my_package': CMAKE_PREFIX_PATH=/home/aleksantari/ros2_ws/install/my_robot_controller:/opt/ros/humble /usr/bin/cmake /home/aleksantari/ros2_robosub/src/my_package -DAMENT_CMAKE_SYMLINK_INSTALL=1 -DCMAKE_INSTALL_PREFIX=/home/aleksantari/ros2_robosub/install/my_package
[0.019s] -- Found ament_cmake: 1.3.11 (/opt/ros/humble/share/ament_cmake/cmake)
[0.084s] -- Override CMake install command with custom implementation using symlinks instead of copying resources
[0.088s] -- Found ament_lint_auto: 0.12.11 (/opt/ros/humble/share/ament_lint_auto/cmake)
[0.132s] -- Added test 'flake8' to check Python code syntax and style conventions
[0.132s] -- Added test 'lint_cmake' to check CMake code style
[0.132s] -- Added test 'pep257' to check Python code against some of the docstring style conventions in PEP 257
[0.133s] -- Added test 'xmllint' to check XML markup files
[0.133s] -- Configuring done
[0.135s] -- Generating done
[0.137s] -- Build files have been written to: /home/aleksantari/ros2_robosub/build/my_package
[0.141s] Invoked command in '/home/aleksantari/ros2_robosub/build/my_package' returned '0': CMAKE_PREFIX_PATH=/home/aleksantari/ros2_ws/install/my_robot_controller:/opt/ros/humble /usr/bin/cmake /home/aleksantari/ros2_robosub/src/my_package -DAMENT_CMAKE_SYMLINK_INSTALL=1 -DCMAKE_INSTALL_PREFIX=/home/aleksantari/ros2_robosub/install/my_package
[0.141s] Invoking command in '/home/aleksantari/ros2_robosub/build/my_package': CMAKE_PREFIX_PATH=/home/aleksantari/ros2_ws/install/my_robot_controller:/opt/ros/humble /usr/bin/cmake --build /home/aleksantari/ros2_robosub/build/my_package -- -j2 -l2
[0.157s] Invoked command in '/home/aleksantari/ros2_robosub/build/my_package' returned '0': CMAKE_PREFIX_PATH=/home/aleksantari/ros2_ws/install/my_robot_controller:/opt/ros/humble /usr/bin/cmake --build /home/aleksantari/ros2_robosub/build/my_package -- -j2 -l2
[0.161s] Invoking command in '/home/aleksantari/ros2_robosub/build/my_package': CMAKE_PREFIX_PATH=/home/aleksantari/ros2_ws/install/my_robot_controller:/opt/ros/humble /usr/bin/cmake --install /home/aleksantari/ros2_robosub/build/my_package
[0.164s] -- Install configuration: ""
[0.164s] -- Execute custom install script
[0.164s] -- Symlinking: /home/aleksantari/ros2_robosub/install/my_package/share/my_package/launch/listener.launch.py
[0.168s] -- Symlinking: /home/aleksantari/ros2_robosub/install/my_package/share/my_package/launch/talker.launch.py
[0.171s] -- Symlinking: /home/aleksantari/ros2_robosub/install/my_package/share/ament_index/resource_index/package_run_dependencies/my_package
[0.175s] -- Symlinking: /home/aleksantari/ros2_robosub/install/my_package/share/ament_index/resource_index/parent_prefix_path/my_package
[0.178s] -- Symlinking: /home/aleksantari/ros2_robosub/install/my_package/share/my_package/environment/ament_prefix_path.sh
[0.181s] -- Symlinking: /home/aleksantari/ros2_robosub/install/my_package/share/my_package/environment/ament_prefix_path.dsv
[0.184s] -- Symlinking: /home/aleksantari/ros2_robosub/install/my_package/share/my_package/environment/path.sh
[0.188s] -- Symlinking: /home/aleksantari/ros2_robosub/install/my_package/share/my_package/environment/path.dsv
[0.191s] -- Symlinking: /home/aleksantari/ros2_robosub/install/my_package/share/my_package/local_setup.bash
[0.196s] -- Symlinking: /home/aleksantari/ros2_robosub/install/my_package/share/my_package/local_setup.sh
[0.199s] -- Symlinking: /home/aleksantari/ros2_robosub/install/my_package/share/my_package/local_setup.zsh
[0.203s] -- Symlinking: /home/aleksantari/ros2_robosub/install/my_package/share/my_package/local_setup.dsv
[0.206s] -- Symlinking: /home/aleksantari/ros2_robosub/install/my_package/share/my_package/package.dsv
[0.209s] -- Symlinking: /home/aleksantari/ros2_robosub/install/my_package/share/ament_index/resource_index/packages/my_package
[0.213s] -- Symlinking: /home/aleksantari/ros2_robosub/install/my_package/share/my_package/cmake/my_packageConfig.cmake
[0.216s] -- Symlinking: /home/aleksantari/ros2_robosub/install/my_package/share/my_package/cmake/my_packageConfig-version.cmake
[0.219s] -- Symlinking: /home/aleksantari/ros2_robosub/install/my_package/share/my_package/package.xml
[0.227s] Invoked command in '/home/aleksantari/ros2_robosub/build/my_package' returned '0': CMAKE_PREFIX_PATH=/home/aleksantari/ros2_ws/install/my_robot_controller:/opt/ros/humble /usr/bin/cmake --install /home/aleksantari/ros2_robosub/build/my_package
