[0.101s] DEBUG:colcon:Command line arguments: ['/usr/bin/colcon', 'list', '-p', '--base-paths', '/home/aleksantari/ros2_robosub']
[0.102s] DEBUG:colcon:Parsed command line arguments: Namespace(log_base=None, log_level=None, verb_name='list', build_base='build', ignore_user_meta=False, metas=['./colcon.meta'], base_paths=['/home/aleksantari/ros2_robosub'], packages_ignore=None, packages_ignore_regex=None, paths=None, packages_up_to=None, packages_up_to_regex=None, packages_above=None, packages_above_and_dependencies=None, packages_above_depth=None, packages_select_by_dep=None, packages_skip_by_dep=None, packages_skip_up_to=None, packages_select_build_failed=False, packages_skip_build_finished=False, packages_select_test_failures=False, packages_skip_test_passed=False, packages_select=None, packages_skip=None, packages_select_regex=None, packages_skip_regex=None, packages_start=None, packages_end=None, allow_overriding=[], topological_order=False, names_only=False, paths_only=True, topological_graph=False, topological_graph_dot=False, topological_graph_density=False, topological_graph_legend=False, topological_graph_dot_cluster=False, topological_graph_dot_include_skipped=False, verb_parser=<colcon_defaults.argument_parser.defaults.DefaultArgumentsDecorator object at 0xffff87230670>, verb_extension=<colcon_package_information.verb.list.ListVerb object at 0xffff873ca500>, main=<bound method ListVerb.main of <colcon_package_information.verb.list.ListVerb object at 0xffff873ca500>>)
[0.461s] Level 1:colcon.colcon_core.package_discovery:discover_packages(colcon_meta) check parameters
[0.461s] Level 1:colcon.colcon_core.package_discovery:discover_packages(recursive) check parameters
[0.461s] Level 1:colcon.colcon_core.package_discovery:discover_packages(ignore) check parameters
[0.493s] Level 1:colcon.colcon_core.package_discovery:discover_packages(path) check parameters
[0.493s] Level 1:colcon.colcon_core.package_discovery:discover_packages(recursive) discover
[0.494s] INFO:colcon.colcon_core.package_discovery:Crawling recursively for packages in '/home/aleksantari/ros2_robosub'
[0.494s] Level 1:colcon.colcon_core.package_identification:_identify(/home/aleksantari/ros2_robosub) by extensions ['ignore', 'ignore_ament_install']
[0.494s] Level 1:colcon.colcon_core.package_identification:_identify(/home/aleksantari/ros2_robosub) by extension 'ignore'
[0.494s] Level 1:colcon.colcon_core.package_identification:_identify(/home/aleksantari/ros2_robosub) by extension 'ignore_ament_install'
[0.494s] Level 1:colcon.colcon_core.package_identification:_identify(/home/aleksantari/ros2_robosub) by extensions ['colcon_pkg']
[0.494s] Level 1:colcon.colcon_core.package_identification:_identify(/home/aleksantari/ros2_robosub) by extension 'colcon_pkg'
[0.494s] Level 1:colcon.colcon_core.package_identification:_identify(/home/aleksantari/ros2_robosub) by extensions ['colcon_meta']
[0.494s] Level 1:colcon.colcon_core.package_identification:_identify(/home/aleksantari/ros2_robosub) by extension 'colcon_meta'
[0.494s] Level 1:colcon.colcon_core.package_identification:_identify(/home/aleksantari/ros2_robosub) by extensions ['ros']
[0.494s] Level 1:colcon.colcon_core.package_identification:_identify(/home/aleksantari/ros2_robosub) by extension 'ros'
[0.523s] Level 1:colcon.colcon_core.package_identification:_identify(/home/aleksantari/ros2_robosub) by extensions ['cmake', 'python']
[0.523s] Level 1:colcon.colcon_core.package_identification:_identify(/home/aleksantari/ros2_robosub) by extension 'cmake'
[0.523s] Level 1:colcon.colcon_core.package_identification:_identify(/home/aleksantari/ros2_robosub) by extension 'python'
[0.523s] Level 1:colcon.colcon_core.package_identification:_identify(/home/aleksantari/ros2_robosub) by extensions ['python_setup_py']
[0.523s] Level 1:colcon.colcon_core.package_identification:_identify(/home/aleksantari/ros2_robosub) by extension 'python_setup_py'
[0.523s] Level 1:colcon.colcon_core.package_identification:_identify(/home/aleksantari/ros2_robosub/build) by extensions ['ignore', 'ignore_ament_install']
[0.523s] Level 1:colcon.colcon_core.package_identification:_identify(/home/aleksantari/ros2_robosub/build) by extension 'ignore'
[0.523s] Level 1:colcon.colcon_core.package_identification:_identify(/home/aleksantari/ros2_robosub/build) ignored
[0.523s] Level 1:colcon.colcon_core.package_identification:_identify(/home/aleksantari/ros2_robosub/install) by extensions ['ignore', 'ignore_ament_install']
[0.523s] Level 1:colcon.colcon_core.package_identification:_identify(/home/aleksantari/ros2_robosub/install) by extension 'ignore'
[0.523s] Level 1:colcon.colcon_core.package_identification:_identify(/home/aleksantari/ros2_robosub/install) ignored
[0.524s] Level 1:colcon.colcon_core.package_identification:_identify(/home/aleksantari/ros2_robosub/log) by extensions ['ignore', 'ignore_ament_install']
[0.524s] Level 1:colcon.colcon_core.package_identification:_identify(/home/aleksantari/ros2_robosub/log) by extension 'ignore'
[0.524s] Level 1:colcon.colcon_core.package_identification:_identify(/home/aleksantari/ros2_robosub/log) ignored
[0.524s] Level 1:colcon.colcon_core.package_identification:_identify(/home/aleksantari/ros2_robosub/src) by extensions ['ignore', 'ignore_ament_install']
[0.524s] Level 1:colcon.colcon_core.package_identification:_identify(/home/aleksantari/ros2_robosub/src) by extension 'ignore'
[0.524s] Level 1:colcon.colcon_core.package_identification:_identify(/home/aleksantari/ros2_robosub/src) by extension 'ignore_ament_install'
[0.524s] Level 1:colcon.colcon_core.package_identification:_identify(/home/aleksantari/ros2_robosub/src) by extensions ['colcon_pkg']
[0.524s] Level 1:colcon.colcon_core.package_identification:_identify(/home/aleksantari/ros2_robosub/src) by extension 'colcon_pkg'
[0.524s] Level 1:colcon.colcon_core.package_identification:_identify(/home/aleksantari/ros2_robosub/src) by extensions ['colcon_meta']
[0.524s] Level 1:colcon.colcon_core.package_identification:_identify(/home/aleksantari/ros2_robosub/src) by extension 'colcon_meta'
[0.524s] Level 1:colcon.colcon_core.package_identification:_identify(/home/aleksantari/ros2_robosub/src) by extensions ['ros']
[0.524s] Level 1:colcon.colcon_core.package_identification:_identify(/home/aleksantari/ros2_robosub/src) by extension 'ros'
[0.524s] Level 1:colcon.colcon_core.package_identification:_identify(/home/aleksantari/ros2_robosub/src) by extensions ['cmake', 'python']
[0.524s] Level 1:colcon.colcon_core.package_identification:_identify(/home/aleksantari/ros2_robosub/src) by extension 'cmake'
[0.524s] Level 1:colcon.colcon_core.package_identification:_identify(/home/aleksantari/ros2_robosub/src) by extension 'python'
[0.524s] Level 1:colcon.colcon_core.package_identification:_identify(/home/aleksantari/ros2_robosub/src) by extensions ['python_setup_py']
[0.524s] Level 1:colcon.colcon_core.package_identification:_identify(/home/aleksantari/ros2_robosub/src) by extension 'python_setup_py'
[0.524s] Level 1:colcon.colcon_core.package_identification:_identify(/home/aleksantari/ros2_robosub/src/my_package) by extensions ['ignore', 'ignore_ament_install']
[0.524s] Level 1:colcon.colcon_core.package_identification:_identify(/home/aleksantari/ros2_robosub/src/my_package) by extension 'ignore'
[0.524s] Level 1:colcon.colcon_core.package_identification:_identify(/home/aleksantari/ros2_robosub/src/my_package) by extension 'ignore_ament_install'
[0.525s] Level 1:colcon.colcon_core.package_identification:_identify(/home/aleksantari/ros2_robosub/src/my_package) by extensions ['colcon_pkg']
[0.525s] Level 1:colcon.colcon_core.package_identification:_identify(/home/aleksantari/ros2_robosub/src/my_package) by extension 'colcon_pkg'
[0.525s] Level 1:colcon.colcon_core.package_identification:_identify(/home/aleksantari/ros2_robosub/src/my_package) by extensions ['colcon_meta']
[0.525s] Level 1:colcon.colcon_core.package_identification:_identify(/home/aleksantari/ros2_robosub/src/my_package) by extension 'colcon_meta'
[0.525s] Level 1:colcon.colcon_core.package_identification:_identify(/home/aleksantari/ros2_robosub/src/my_package) by extensions ['ros']
[0.525s] Level 1:colcon.colcon_core.package_identification:_identify(/home/aleksantari/ros2_robosub/src/my_package) by extension 'ros'
[0.534s] DEBUG:colcon.colcon_core.package_identification:Package '/home/aleksantari/ros2_robosub/src/my_package' with type 'ros.ament_cmake' and name 'my_package'
[0.535s] Level 1:colcon.colcon_core.package_discovery:discover_packages(recursive) using defaults
