[0.013s] Invoking command in '/home/aleksantari/ros2_robosub/build/my_package': CMAKE_PREFIX_PATH=${CMAKE_PREFIX_PATH}:/home/aleksantari/ros2_ws/install/my_robot_controller:/opt/ros/humble /usr/bin/cmake --build /home/aleksantari/ros2_robosub/build/my_package -- -j2 -l2
[0.066s] -- Found ament_cmake: 1.3.11 (/opt/ros/humble/share/ament_cmake/cmake)
[0.183s] -- Override CMake install command with custom implementation using symlinks instead of copying resources
[0.193s] -- Found ament_lint_auto: 0.12.11 (/opt/ros/humble/share/ament_lint_auto/cmake)
[0.261s] -- Added test 'flake8' to check Python code syntax and style conventions
[0.261s] -- Added test 'lint_cmake' to check CMake code style
[0.261s] -- Added test 'pep257' to check Python code against some of the docstring style conventions in PEP 257
[0.262s] -- Added test 'xmllint' to check XML markup files
[0.264s] -- Configuring done
[0.268s] -- Generating done
[0.270s] -- Build files have been written to: /home/aleksantari/ros2_robosub/build/my_package
[0.281s] Invoked command in '/home/aleksantari/ros2_robosub/build/my_package' returned '0': CMAKE_PREFIX_PATH=${CMAKE_PREFIX_PATH}:/home/aleksantari/ros2_ws/install/my_robot_controller:/opt/ros/humble /usr/bin/cmake --build /home/aleksantari/ros2_robosub/build/my_package -- -j2 -l2
[0.286s] Invoking command in '/home/aleksantari/ros2_robosub/build/my_package': CMAKE_PREFIX_PATH=${CMAKE_PREFIX_PATH}:/home/aleksantari/ros2_ws/install/my_robot_controller:/opt/ros/humble /usr/bin/cmake --install /home/aleksantari/ros2_robosub/build/my_package
[0.290s] -- Install configuration: ""
[0.290s] -- Execute custom install script
[0.291s] -- Up-to-date symlink: /home/aleksantari/ros2_robosub/install/my_package/share/my_package/launch/listener.launch.py
[0.291s] -- Up-to-date symlink: /home/aleksantari/ros2_robosub/install/my_package/share/my_package/launch/talker.launch.py
[0.291s] -- Up-to-date symlink: /home/aleksantari/ros2_robosub/install/my_package/share/ament_index/resource_index/package_run_dependencies/my_package
[0.291s] -- Up-to-date symlink: /home/aleksantari/ros2_robosub/install/my_package/share/ament_index/resource_index/parent_prefix_path/my_package
[0.291s] -- Up-to-date symlink: /home/aleksantari/ros2_robosub/install/my_package/share/my_package/environment/ament_prefix_path.sh
[0.291s] -- Up-to-date symlink: /home/aleksantari/ros2_robosub/install/my_package/share/my_package/environment/ament_prefix_path.dsv
[0.291s] -- Up-to-date symlink: /home/aleksantari/ros2_robosub/install/my_package/share/my_package/environment/path.sh
[0.292s] -- Up-to-date symlink: /home/aleksantari/ros2_robosub/install/my_package/share/my_package/environment/path.dsv
[0.292s] -- Up-to-date symlink: /home/aleksantari/ros2_robosub/install/my_package/share/my_package/local_setup.bash
[0.292s] -- Up-to-date symlink: /home/aleksantari/ros2_robosub/install/my_package/share/my_package/local_setup.sh
[0.292s] -- Up-to-date symlink: /home/aleksantari/ros2_robosub/install/my_package/share/my_package/local_setup.zsh
[0.292s] -- Up-to-date symlink: /home/aleksantari/ros2_robosub/install/my_package/share/my_package/local_setup.dsv
[0.293s] -- Symlinking: /home/aleksantari/ros2_robosub/install/my_package/share/my_package/package.dsv
[0.298s] -- Up-to-date symlink: /home/aleksantari/ros2_robosub/install/my_package/share/ament_index/resource_index/packages/my_package
[0.299s] -- Up-to-date symlink: /home/aleksantari/ros2_robosub/install/my_package/share/my_package/cmake/my_packageConfig.cmake
[0.299s] -- Up-to-date symlink: /home/aleksantari/ros2_robosub/install/my_package/share/my_package/cmake/my_packageConfig-version.cmake
[0.299s] -- Up-to-date symlink: /home/aleksantari/ros2_robosub/install/my_package/share/my_package/package.xml
[0.300s] Invoked command in '/home/aleksantari/ros2_robosub/build/my_package' returned '0': CMAKE_PREFIX_PATH=${CMAKE_PREFIX_PATH}:/home/aleksantari/ros2_ws/install/my_robot_controller:/opt/ros/humble /usr/bin/cmake --install /home/aleksantari/ros2_robosub/build/my_package
