[0.010s] Invoking command in '/home/aleksantari/ros2_robosub/build/my_package': CMAKE_PREFIX_PATH=/home/aleksantari/ros2_ws/install/my_robot_controller:/opt/ros/humble /usr/bin/cmake --build /home/aleksantari/ros2_robosub/build/my_package -- -j2 -l2
[0.093s] Invoked command in '/home/aleksantari/ros2_robosub/build/my_package' returned '0': CMAKE_PREFIX_PATH=/home/aleksantari/ros2_ws/install/my_robot_controller:/opt/ros/humble /usr/bin/cmake --build /home/aleksantari/ros2_robosub/build/my_package -- -j2 -l2
[0.099s] Invoking command in '/home/aleksantari/ros2_robosub/build/my_package': CMAKE_PREFIX_PATH=/home/aleksantari/ros2_ws/install/my_robot_controller:/opt/ros/humble /usr/bin/cmake --install /home/aleksantari/ros2_robosub/build/my_package
[0.109s] -- Install configuration: ""
[0.109s] -- Execute custom install script
[0.110s] -- Up-to-date symlink: /home/aleksantari/ros2_robosub/install/my_package/share/my_package/launch/listener.launch.py
[0.110s] -- Up-to-date symlink: /home/aleksantari/ros2_robosub/install/my_package/share/my_package/launch/talker.launch.py
[0.110s] -- Up-to-date symlink: /home/aleksantari/ros2_robosub/install/my_package/share/ament_index/resource_index/package_run_dependencies/my_package
[0.110s] -- Up-to-date symlink: /home/aleksantari/ros2_robosub/install/my_package/share/ament_index/resource_index/parent_prefix_path/my_package
[0.110s] -- Up-to-date symlink: /home/aleksantari/ros2_robosub/install/my_package/share/my_package/environment/ament_prefix_path.sh
[0.110s] -- Up-to-date symlink: /home/aleksantari/ros2_robosub/install/my_package/share/my_package/environment/ament_prefix_path.dsv
[0.110s] -- Up-to-date symlink: /home/aleksantari/ros2_robosub/install/my_package/share/my_package/environment/path.sh
[0.110s] -- Up-to-date symlink: /home/aleksantari/ros2_robosub/install/my_package/share/my_package/environment/path.dsv
[0.110s] -- Up-to-date symlink: /home/aleksantari/ros2_robosub/install/my_package/share/my_package/local_setup.bash
[0.110s] -- Up-to-date symlink: /home/aleksantari/ros2_robosub/install/my_package/share/my_package/local_setup.sh
[0.111s] -- Up-to-date symlink: /home/aleksantari/ros2_robosub/install/my_package/share/my_package/local_setup.zsh
[0.111s] -- Up-to-date symlink: /home/aleksantari/ros2_robosub/install/my_package/share/my_package/local_setup.dsv
[0.111s] -- Symlinking: /home/aleksantari/ros2_robosub/install/my_package/share/my_package/package.dsv
[0.118s] -- Up-to-date symlink: /home/aleksantari/ros2_robosub/install/my_package/share/ament_index/resource_index/packages/my_package
[0.118s] -- Up-to-date symlink: /home/aleksantari/ros2_robosub/install/my_package/share/my_package/cmake/my_packageConfig.cmake
[0.118s] -- Up-to-date symlink: /home/aleksantari/ros2_robosub/install/my_package/share/my_package/cmake/my_packageConfig-version.cmake
[0.118s] -- Up-to-date symlink: /home/aleksantari/ros2_robosub/install/my_package/share/my_package/package.xml
[0.120s] Invoked command in '/home/aleksantari/ros2_robosub/build/my_package' returned '0': CMAKE_PREFIX_PATH=/home/aleksantari/ros2_ws/install/my_robot_controller:/opt/ros/humble /usr/bin/cmake --install /home/aleksantari/ros2_robosub/build/my_package
